\BOOKMARK [1][-]{section.1}{\376\377\133\236\232\214\121\205\133\271}{}% 1
\BOOKMARK [2][-]{subsection.1.1}{\376\377\000A\000L\000U\213\276\213\241\133\236\232\214}{section.1}% 2
\BOOKMARK [2][-]{subsection.1.2}{\376\377\155\101\154\064\176\277\133\236\232\214}{section.1}% 3
\BOOKMARK [1][-]{section.2}{\376\377\133\236\232\214\213\276\213\241}{}% 4
\BOOKMARK [2][-]{subsection.2.1}{\376\377\000A\000L\000U}{section.2}% 5
\BOOKMARK [3][-]{subsubsection.2.1.1}{\376\377\122\237\200\375\143\317\217\360}{subsection.2.1}% 6
\BOOKMARK [3][-]{subsubsection.2.1.2}{\376\377\143\245\123\343\133\232\116\111}{subsection.2.1}% 7
\BOOKMARK [3][-]{subsubsection.2.1.3}{\376\377\220\073\217\221\143\247\122\066}{subsection.2.1}% 8
\BOOKMARK [2][-]{subsection.2.2}{\376\377\147\011\226\073\130\136\0004\176\247\0008\000b\000i\000t\121\150\122\240\126\150}{section.2}% 9
\BOOKMARK [3][-]{subsubsection.2.2.1}{\376\377\122\237\200\375\143\317\217\360}{subsection.2.2}% 10
\BOOKMARK [3][-]{subsubsection.2.2.2}{\376\377\143\245\123\343\133\232\116\111}{subsection.2.2}% 11
\BOOKMARK [3][-]{subsubsection.2.2.3}{\376\377\220\073\217\221\143\247\122\066}{subsection.2.2}% 12
\BOOKMARK [1][-]{section.3}{\376\377\133\236\232\214\217\307\172\013\213\260\137\125}{}% 13
\BOOKMARK [2][-]{subsection.3.1}{\376\377\225\356\230\230\0001\000:\000A\000L\000U\213\241\173\227\225\031\213\357}{section.3}% 14
\BOOKMARK [2][-]{subsection.3.2}{\376\377\225\356\230\230\0002\000:\000A\000L\000U\133\236\163\260\124\004\143\007\116\344\170\001\142\100\133\371\136\224\166\204\122\237\200\375}{section.3}% 15
\BOOKMARK [2][-]{subsection.3.3}{\376\377\225\356\230\230\0003\000:\232\214\213\301\000\040\000A\000L\000U\000\040\124\004\122\237\200\375\153\143\170\156\140\047}{section.3}% 16
\BOOKMARK [2][-]{subsection.3.4}{\376\377\225\356\230\230\0004\000:\155\101\154\064\176\277\122\240\154\325\126\150\116\377\167\037\126\376\226\276\116\345\000D\000e\000b\000u\000g}{section.3}% 17
\BOOKMARK [2][-]{subsection.3.5}{\376\377\225\356\230\230\0005\000:\116\377\167\037\176\323\147\234\116\015\153\143\170\156}{section.3}% 18
\BOOKMARK [1][-]{section.4}{\376\377\133\236\232\214\176\323\147\234\123\312\122\006\147\220}{}% 19
\BOOKMARK [2][-]{subsection.4.1}{\376\377\000A\000L\000U\232\214\213\301\133\236\232\214\176\323\147\234}{section.4}% 20
\BOOKMARK [2][-]{subsection.4.2}{\376\377\000A\000L\000U\116\377\167\037}{section.4}% 21
\BOOKMARK [2][-]{subsection.4.3}{\376\377\155\101\154\064\176\277\226\073\130\136\377\010\146\202\120\134\377\011\116\377\167\037\126\376}{section.4}% 22
\BOOKMARK [2][-]{subsection.4.4}{\376\377\155\101\154\064\176\277\122\067\145\260\377\010\156\005\172\172\377\011\116\377\167\037\126\376}{section.4}% 23
\BOOKMARK [1][-]{appendix.A}{\376\377\000A\000L\000U\116\343\170\001}{}% 24
\BOOKMARK [1][-]{appendix.B}{\376\377\0003\0002\000b\000i\000t\155\101\154\064\176\277\121\150\122\240\126\150\116\343\170\001}{}% 25
